<?xml version="1.0" encoding="utf-8"?><testsuites name="pytest tests"><testsuite name="pytest" errors="0" failures="1" skipped="0" tests="48" time="6.642" timestamp="2026-08-05T10:39:01.698064+00:00" hostname="agent-env-51121b69-0902-4907-a1d5-30c905cef526"><testcase classname="backend.tests.test_clinicqueue.TestAuth" name="test_login_reception" time="0.761" /><testcase classname="backend.tests.test_clinicqueue.TestAuth" name="test_login_doctor" time="0.474" /><testcase classname="backend.tests.test_clinicqueue.TestAuth" name="test_signup_creates_patient" time="0.300" /><testcase classname="backend.tests.test_clinicqueue.TestAuth" name="test_me_returns_user" time="0.080" /><testcase classname="backend.tests.test_clinicqueue.TestAuth" name="test_me_unauth" time="0.077" /><testcase classname="backend.tests.test_clinicqueue.TestAuth" name="test_login_bad_password" time="0.261" /><testcase classname="backend.tests.test_clinicqueue.TestDoctors" name="test_list_doctors" time="0.039" /><testcase classname="backend.tests.test_clinicqueue.TestDoctors" name="test_search_filter" time="0.044" /><testcase classname="backend.tests.test_clinicqueue.TestDoctors" name="test_specialty_filter" time="0.077" /><testcase classname="backend.tests.test_clinicqueue.TestDoctors" name="test_get_doctor_by_id" time="0.114" /><testcase classname="backend.tests.test_clinicqueue.TestDoctors" name="test_get_doctor_404" time="0.083" /><testcase classname="backend.tests.test_clinicqueue.TestDoctors" name="test_specialties" time="0.035" /><testcase classname="backend.tests.test_clinicqueue.TestRBAC" name="test_patient_cannot_access_doctor_dashboard" time="0.047" /><testcase classname="backend.tests.test_clinicqueue.TestRBAC" name="test_patient_cannot_access_reception_queue" time="0.037" /><testcase classname="backend.tests.test_clinicqueue.TestRBAC" name="test_unauth_appointments_me" time="0.082" /><testcase classname="backend.tests.test_clinicqueue.TestRBAC" name="test_unauth_doctor_dashboard" time="0.038" /><testcase classname="backend.tests.test_clinicqueue.TestAppointmentFlow" name="test_create_appointment" time="0.114" /><testcase classname="backend.tests.test_clinicqueue.TestAppointmentFlow" name="test_online_payment_marks_paid" time="0.075" /><testcase classname="backend.tests.test_clinicqueue.TestAppointmentFlow" name="test_appointments_me" time="0.045" /><testcase classname="backend.tests.test_clinicqueue.TestAppointmentFlow" name="test_queue_status_shows_position" time="0.045" /><testcase classname="backend.tests.test_clinicqueue.TestAppointmentFlow" name="test_reception_full_flow" time="0.250" /><testcase classname="backend.tests.test_clinicqueue.TestAppointmentFlow" name="test_cancel_appointment" time="0.199" /><testcase classname="backend.tests.test_clinicqueue.TestDoctorEndpoints" name="test_dashboard" time="0.039" /><testcase classname="backend.tests.test_clinicqueue.TestDoctorEndpoints" name="test_appointments_today" time="0.040" /><testcase classname="backend.tests.test_clinicqueue.TestDoctorEndpoints" name="test_set_status_valid" time="0.187" /><testcase classname="backend.tests.test_clinicqueue.TestDoctorEndpoints" name="test_set_status_invalid" time="0.075" /><testcase classname="backend.tests.test_clinicqueue.TestReception" name="test_list_doctors" time="0.036" /><testcase classname="backend.tests.test_clinicqueue.TestReception" name="test_queue_no_filter" time="0.035" /><testcase classname="backend.tests.test_clinicqueue.TestReception" name="test_emergency_insert" time="0.124" /><testcase classname="backend.tests.test_clinicqueue.TestQueueUpdatesOtherPatients" name="test_position_shifts_after_completion" time="0.978" /><testcase classname="backend.tests.test_clinicqueue.TestMobileOTP" name="test_send_otp_normalizes_and_returns_dev_otp" time="0.077" /><testcase classname="backend.tests.test_clinicqueue.TestMobileOTP" name="test_send_otp_bad_mobile" time="0.037" /><testcase classname="backend.tests.test_clinicqueue.TestMobileOTP" name="test_send_otp_accepts_plus91_format" time="0.046" /><testcase classname="backend.tests.test_clinicqueue.TestMobileOTP" name="test_verify_otp_new_patient_requires_name" time="0.079" /><testcase classname="backend.tests.test_clinicqueue.TestMobileOTP" name="test_verify_otp_universal_creates_patient" time="0.042" /><testcase classname="backend.tests.test_clinicqueue.TestMobileOTP" name="test_verify_otp_second_login_existing_no_name_needed" time="0.087" /><testcase classname="backend.tests.test_clinicqueue.TestMobileOTP" name="test_verify_otp_wrong_otp" time="0.120" /><testcase classname="backend.tests.test_clinicqueue.TestMobileOTP" name="test_verify_otp_stored_dev_otp_works" time="0.085" /><testcase classname="backend.tests.test_clinicqueue.TestReceptionAddPatient" name="test_add_patient_no_appointment" time="0.079" /><testcase classname="backend.tests.test_clinicqueue.TestReceptionAddPatient" name="test_add_patient_with_appointment" time="0.094" /><testcase classname="backend.tests.test_clinicqueue.TestReceptionAddPatient" name="test_added_patient_appears_in_reception_queue" time="0.038" /><testcase classname="backend.tests.test_clinicqueue.TestReceptionAddPatient" name="test_added_patient_can_self_login_via_otp" time="0.118" /><testcase classname="backend.tests.test_clinicqueue.TestReceptionAddPatient" name="test_add_patient_missing_name" time="0.034" /><testcase classname="backend.tests.test_clinicqueue.TestReceptionAddPatient" name="test_add_patient_invalid_mobile" time="0.036" /><testcase classname="backend.tests.test_clinicqueue.TestReceptionAddPatient" name="test_add_patient_forbidden_for_non_reception" time="0.079" /><testcase classname="backend.tests.test_clinicqueue.TestPushRegistration" name="test_register_push_placeholder_key_soft_fail" time="0.276"><failure message="AssertionError: got 500: {&quot;detail&quot;:&quot;EMERGENT_PUSH_KEY missing or invalid&quot;}&#10;assert 500 == 201&#10; +  where 500 = &lt;Response [500]&gt;.status_code">backend/tests/test_clinicqueue.py:461: in test_register_push_placeholder_key_soft_fail
    assert r.status_code == 201, f"got {r.status_code}: {r.text}"
E   AssertionError: got 500: {"detail":"EMERGENT_PUSH_KEY missing or invalid"}
E   assert 500 == 201
E    +  where 500 = &lt;Response [500]&gt;.status_code</failure></testcase><testcase classname="backend.tests.test_clinicqueue.TestWebSocket" name="test_ws_doctor_connect_and_receive_broadcast" time="0.244" /><testcase classname="backend.tests.test_clinicqueue.TestWebSocket" name="test_ws_appt_channel_connects" time="0.133" /></testsuite></testsuites>