<?xml version="1.0" encoding="utf-8"?><testsuites name="pytest tests"><testsuite name="pytest" errors="0" failures="0" skipped="0" tests="30" time="4.177" timestamp="2026-07-31T05:58:31.320618+00:00" hostname="agent-env-f8fb4607-de14-422a-849c-32bd49d69fff"><testcase classname="tests.test_clinicqueue.TestAuth" name="test_login_reception" time="0.770" /><testcase classname="tests.test_clinicqueue.TestAuth" name="test_login_doctor" time="0.448" /><testcase classname="tests.test_clinicqueue.TestAuth" name="test_signup_creates_patient" time="0.249" /><testcase classname="tests.test_clinicqueue.TestAuth" name="test_me_returns_user" time="0.027" /><testcase classname="tests.test_clinicqueue.TestAuth" name="test_me_unauth" time="0.023" /><testcase classname="tests.test_clinicqueue.TestAuth" name="test_login_bad_password" time="0.247" /><testcase classname="tests.test_clinicqueue.TestDoctors" name="test_list_doctors" time="0.037" /><testcase classname="tests.test_clinicqueue.TestDoctors" name="test_search_filter" time="0.031" /><testcase classname="tests.test_clinicqueue.TestDoctors" name="test_specialty_filter" time="0.027" /><testcase classname="tests.test_clinicqueue.TestDoctors" name="test_get_doctor_by_id" time="0.098" /><testcase classname="tests.test_clinicqueue.TestDoctors" name="test_get_doctor_404" time="0.032" /><testcase classname="tests.test_clinicqueue.TestDoctors" name="test_specialties" time="0.032" /><testcase classname="tests.test_clinicqueue.TestRBAC" name="test_patient_cannot_access_doctor_dashboard" time="0.071" /><testcase classname="tests.test_clinicqueue.TestRBAC" name="test_patient_cannot_access_reception_queue" time="0.036" /><testcase classname="tests.test_clinicqueue.TestRBAC" name="test_unauth_appointments_me" time="0.029" /><testcase classname="tests.test_clinicqueue.TestRBAC" name="test_unauth_doctor_dashboard" time="0.035" /><testcase classname="tests.test_clinicqueue.TestAppointmentFlow" name="test_create_appointment" time="0.064" /><testcase classname="tests.test_clinicqueue.TestAppointmentFlow" name="test_online_payment_marks_paid" time="0.052" /><testcase classname="tests.test_clinicqueue.TestAppointmentFlow" name="test_appointments_me" time="0.039" /><testcase classname="tests.test_clinicqueue.TestAppointmentFlow" name="test_queue_status_shows_position" time="0.045" /><testcase classname="tests.test_clinicqueue.TestAppointmentFlow" name="test_reception_full_flow" time="0.207" /><testcase classname="tests.test_clinicqueue.TestAppointmentFlow" name="test_cancel_appointment" time="0.085" /><testcase classname="tests.test_clinicqueue.TestDoctorEndpoints" name="test_dashboard" time="0.065" /><testcase classname="tests.test_clinicqueue.TestDoctorEndpoints" name="test_appointments_today" time="0.026" /><testcase classname="tests.test_clinicqueue.TestDoctorEndpoints" name="test_set_status_valid" time="0.189" /><testcase classname="tests.test_clinicqueue.TestDoctorEndpoints" name="test_set_status_invalid" time="0.031" /><testcase classname="tests.test_clinicqueue.TestReception" name="test_list_doctors" time="0.025" /><testcase classname="tests.test_clinicqueue.TestReception" name="test_queue_no_filter" time="0.160" /><testcase classname="tests.test_clinicqueue.TestReception" name="test_emergency_insert" time="0.096" /><testcase classname="tests.test_clinicqueue.TestQueueUpdatesOtherPatients" name="test_position_shifts_after_completion" time="0.734" /></testsuite></testsuites>